# Logfile created on Sat Dec 17 10:46:29 +0100 2011 by logger.rb/22285
I, [2011-12-17T10:47:41.000055 #7705]  INFO -- : Adding order...Te Moruno-Limon : table_num 2
I, [2011-12-17T10:50:24.084123 #7997]  INFO -- : Network started
I, [2011-12-17T10:50:40.441781 #7705]  INFO -- : Adding order...Te Almendras : table_num 2
I, [2011-12-17T10:50:40.448648 #7997]  INFO -- : Adding order...Te Almendras : table_num 2
I, [2011-12-17T10:50:48.449639 #7705]  INFO -- : Adding order...Te Vainilla : table_num 2
I, [2011-12-17T10:50:48.455762 #7997]  INFO -- : Adding order...Te Vainilla : table_num 2
I, [2011-12-17T10:51:53.399196 #8006]  INFO -- : Network started
I, [2011-12-17T10:52:08.955623 #8006]  INFO -- : Adding order...Te Moruno : table_num 1
I, [2011-12-17T10:52:13.555386 #8006]  INFO -- : Adding order...Te Tunecino : table_num 1
I, [2011-12-17T10:52:19.014941 #8006]  INFO -- : Adding order...Te Turco : table_num 1
I, [2011-12-17T10:52:23.611895 #8006]  INFO -- : Adding order...Te Libio : table_num 1
I, [2011-12-17T10:52:28.687917 #8006]  INFO -- : Adding order...Te Ruso : table_num 1
I, [2011-12-17T10:52:32.106102 #8006]  INFO -- : Adding order...Te Pakistani : table_num 1
I, [2011-12-17T10:52:47.529254 #8006]  INFO -- : Adding order...Crepe Chocolate : table_num 2
I, [2011-12-17T10:52:48.837812 #8006]  INFO -- : Adding order...Crepe Que-Fresco Miel : table_num 2
I, [2011-12-17T10:58:38.094525 #8068]  INFO -- : Network started
I, [2011-12-17T11:00:46.274088 #8087]  INFO -- : Network started
I, [2011-12-17T11:00:46.274846 #8087]  INFO -- : Program started
I, [2011-12-17T11:00:59.690334 #8068]  INFO -- : Adding order...Te Frut-Tropic : table_num 1
I, [2011-12-17T11:00:59.679972 #8006]  INFO -- : Adding order...Te Frut-Tropic : table_num 1
I, [2011-12-17T11:01:04.640034 #8006]  INFO -- : Adding order...Te Frut-Bosq : table_num 1
I, [2011-12-17T11:01:04.636572 #8068]  INFO -- : Adding order...Te Frut-Bosq : table_num 1
I, [2011-12-17T11:01:08.255978 #8068]  INFO -- : Adding order...Te Vainilla : table_num 1
I, [2011-12-17T11:01:08.265478 #8006]  INFO -- : Adding order...Te Vainilla : table_num 1
I, [2011-12-17T11:14:48.119198 #8202]  INFO -- : Network started
I, [2011-12-17T11:14:48.119751 #8202]  INFO -- : Program started
I, [2011-12-17T11:16:19.398925 #8214]  INFO -- : Network started
I, [2011-12-17T11:16:19.399523 #8214]  INFO -- : Program started
I, [2011-12-17T11:17:35.682102 #8235]  INFO -- : Network started
D, [2011-12-17T11:17:39.469216 #8235] DEBUG -- : Parsing mesaOcupada@2
D, [2011-12-17T11:17:45.402123 #8235] DEBUG -- : Parsing comanda@2@Crepe Mediterraneo
I, [2011-12-17T11:17:45.419986 #8235]  INFO -- : Adding order...Crepe Mediterraneo : table_num 2
D, [2011-12-17T11:17:45.429953 #8235] DEBUG -- : Parsing mesaCambiada@2
D, [2011-12-17T11:17:52.077804 #8235] DEBUG -- : Parsing comanda@2@Crepe Griego
I, [2011-12-17T11:17:52.083218 #8235]  INFO -- : Adding order...Crepe Griego : table_num 2
D, [2011-12-17T11:17:52.103235 #8235] DEBUG -- : Parsing mesaCambiada@2
D, [2011-12-17T11:17:53.794165 #8235] DEBUG -- : Parsing mesaCerrada@2
I, [2011-12-17T11:25:56.167300 #8308]  INFO -- : Network started
I, [2011-12-17T11:25:56.172390 #8308]  INFO -- : Program started
I, [2011-12-17T11:26:41.710740 #8320]  INFO -- : Network started
I, [2011-12-17T11:26:41.722624 #8320]  INFO -- : Program started
I, [2011-12-17T11:31:58.050384 #8342]  INFO -- : Network started
I, [2011-12-17T11:39:04.429988 #8433]  INFO -- : Network started
I, [2011-12-17T11:39:04.434191 #8433]  INFO -- : Program started
D, [2011-12-17T11:39:17.364030 #8433] DEBUG -- : Parsing mesaOcupada@2
D, [2011-12-17T11:39:26.868017 #8433] DEBUG -- : Parsing comanda@2@Pizza Italiana
I, [2011-12-17T11:39:26.891793 #8433]  INFO -- : Adding order...Pizza Italiana : table_num 2
D, [2011-12-17T11:39:26.922653 #8433] DEBUG -- : Parsing mesaCambiada@2
D, [2011-12-17T11:39:35.337701 #8433] DEBUG -- : Parsing mesaCerrada@2
I, [2011-12-17T11:42:18.089937 #8471]  INFO -- : Network started
I, [2011-12-17T11:42:18.092965 #8471]  INFO -- : Program started
D, [2011-12-17T11:42:26.715936 #8433] DEBUG -- : Parsing mesaOcupada@1
D, [2011-12-17T11:42:26.719752 #8471] DEBUG -- : Parsing mesaOcupada@1
D, [2011-12-17T11:42:33.680248 #8433] DEBUG -- : Parsing comanda@1@Te Frut-Bosq
I, [2011-12-17T11:42:33.708641 #8433]  INFO -- : Adding order...Te Frut-Bosq : table_num 1
D, [2011-12-17T11:42:33.677048 #8471] DEBUG -- : Parsing comanda@1@Te Frut-Bosq
I, [2011-12-17T11:42:33.744305 #8471]  INFO -- : Adding order...Te Frut-Bosq : table_num 1
D, [2011-12-17T11:42:33.757313 #8471] DEBUG -- : Parsing mesaCambiada@1
D, [2011-12-17T11:42:38.550482 #8471] DEBUG -- : Parsing comanda@1@Te Frut-Bosq
I, [2011-12-17T11:42:38.560604 #8471]  INFO -- : Adding order...Te Frut-Bosq : table_num 1
D, [2011-12-17T11:42:38.573740 #8471] DEBUG -- : Parsing mesaCambiada@1
D, [2011-12-17T11:42:39.233408 #8471] DEBUG -- : Parsing comanda@1@Te Frut-Bosq
I, [2011-12-17T11:42:39.245033 #8471]  INFO -- : Adding order...Te Frut-Bosq : table_num 1
D, [2011-12-17T11:42:39.257460 #8471] DEBUG -- : Parsing mesaCambiada@1
D, [2011-12-17T11:42:39.774933 #8471] DEBUG -- : Parsing comanda@1@Te Frut-Bosq
I, [2011-12-17T11:42:39.781859 #8471]  INFO -- : Adding order...Te Frut-Bosq : table_num 1
D, [2011-12-17T11:42:39.785177 #8471] DEBUG -- : Parsing mesaCambiada@1
D, [2011-12-17T11:42:40.262567 #8471] DEBUG -- : Parsing comanda@1@Te Frut-Bosq
I, [2011-12-17T11:42:40.276323 #8471]  INFO -- : Adding order...Te Frut-Bosq : table_num 1
D, [2011-12-17T11:42:40.287518 #8471] DEBUG -- : Parsing mesaCambiada@1
D, [2011-12-17T11:42:46.975751 #8471] DEBUG -- : Parsing mesaCerrada@1
I, [2011-12-17T11:45:31.259925 #8493]  INFO -- : Program started
I, [2011-12-17T11:45:32.949816 #8493]  INFO -- : Network started
D, [2011-12-17T11:45:45.099872 #8493] DEBUG -- : Parsing mesaOcupada@1
D, [2011-12-17T11:45:57.167115 #8493] DEBUG -- : Parsing comanda@1@Crepe Azucar
I, [2011-12-17T11:45:57.179565 #8493]  INFO -- : Adding order...Crepe Azucar : table_num 1
D, [2011-12-17T11:47:32.435928 #8493] DEBUG -- : Parsing mesaCambiada@1
I, [2011-12-17T11:52:02.875078 #8564]  INFO -- : Adding order...Test Product : table_num 0
I, [2011-12-17T11:52:02.886578 #8564]  INFO -- : Program started
I, [2011-12-17T12:01:22.266459 #8634]  INFO -- : Network started
I, [2011-12-17T12:01:22.271079 #8634]  INFO -- : Program started
D, [2011-12-17T12:01:35.097451 #8634] DEBUG -- : Parsing mesaOcupada@2
D, [2011-12-17T12:01:44.306190 #8634] DEBUG -- : Parsing comanda@2@Crepe Azucar
I, [2011-12-17T12:01:44.326576 #8634]  INFO -- : Adding order...Crepe Azucar : table_num 2
D, [2011-12-17T12:01:44.360290 #8634] DEBUG -- : Order.add_product Crepe Azucar
D, [2011-12-17T12:01:44.374719 #8634] DEBUG -- : Parsing mesaCambiada@2
D, [2011-12-17T12:02:29.427001 #8634] DEBUG -- : Parsing mesaCerrada@2
I, [2011-12-17T12:04:35.517114 #8655]  INFO -- : Program started
I, [2011-12-17T12:04:37.031531 #8655]  INFO -- : Network started
D, [2011-12-17T12:05:02.425045 #8655] DEBUG -- : Parsing mesaOcupada@1
D, [2011-12-17T12:05:47.696198 #8655] DEBUG -- : Parsing comanda@1@Crepe Azucar-Limon
I, [2011-12-17T12:05:47.727983 #8655]  INFO -- : Adding order...Crepe Azucar-Limon : table_num 1
D, [2011-12-17T12:05:47.787318 #8655] DEBUG -- : Order.add_product Crepe Azucar-Limon
I, [2011-12-17T12:23:39.138195 #8818]  INFO -- : Network started
I, [2011-12-17T12:23:39.138742 #8818]  INFO -- : Program started
D, [2011-12-17T12:23:45.341793 #8818] DEBUG -- : Parsing comanda@1@Crepe Mermelada
I, [2011-12-17T12:23:45.390367 #8818]  INFO -- : Adding order...Crepe Mermelada : table_num 1
D, [2011-12-17T12:23:45.399504 #8818] DEBUG -- : Order.add_product Crepe Mermelada
D, [2011-12-17T12:23:45.453800 #8818] DEBUG -- : Parsing mesaCambiada@1
D, [2011-12-17T12:23:51.218629 #8818] DEBUG -- : Parsing comanda@1@Crepe Que-Fresco Miel
I, [2011-12-17T12:23:51.244530 #8818]  INFO -- : Adding order...Crepe Que-Fresco Miel : table_num 1
D, [2011-12-17T12:23:51.258909 #8818] DEBUG -- : Order.add_product Crepe Que-Fresco Miel
D, [2011-12-17T12:23:51.284410 #8818] DEBUG -- : Parsing mesaCambiada@1
D, [2011-12-17T12:23:52.501989 #8818] DEBUG -- : Parsing comanda@1@Crepe Marrakech
I, [2011-12-17T12:23:52.509740 #8818]  INFO -- : Adding order...Crepe Marrakech : table_num 1
D, [2011-12-17T12:23:52.513143 #8818] DEBUG -- : Order.add_product Crepe Marrakech
D, [2011-12-17T12:23:52.535488 #8818] DEBUG -- : Parsing mesaCambiada@1
D, [2011-12-17T12:23:55.188562 #8818] DEBUG -- : Parsing mesaCerrada@1
I, [2011-12-17T13:01:05.682190 #9026]  INFO -- : Network started
I, [2011-12-17T13:01:05.683084 #9026]  INFO -- : Program started
D, [2011-12-17T13:01:19.583760 #9026] DEBUG -- : Parsing mesaOcupada@1
D, [2011-12-17T13:01:25.908390 #9026] DEBUG -- : Parsing comanda@1@Crepe Azucar
I, [2011-12-17T13:01:25.932031 #9026]  INFO -- : Adding order...Crepe Azucar : table_num 1
D, [2011-12-17T13:01:25.958187 #9026] DEBUG -- : Order.add_product Crepe Azucar
D, [2011-12-17T13:01:26.127862 #9026] DEBUG -- : Parsing mesaCambiada@1
D, [2011-12-17T13:02:14.768574 #9026] DEBUG -- : Parsing mesaCerrada@1
I, [2011-12-17T13:06:45.740123 #9059]  INFO -- : Network started
I, [2011-12-17T13:06:45.740693 #9059]  INFO -- : Program started
I, [2011-12-17T13:06:54.382208 #9059]  INFO -- : Socket closed
I, [2011-12-17T13:07:31.179443 #9073]  INFO -- : Network started
I, [2011-12-17T13:07:31.180295 #9073]  INFO -- : Program started
D, [2011-12-17T13:07:33.982216 #9073] DEBUG -- : Parsing mesaOcupada@2
D, [2011-12-17T13:07:38.461689 #9073] DEBUG -- : Parsing comanda@2@Te Moruno-Limon
I, [2011-12-17T13:07:38.470575 #9073]  INFO -- : Adding order...Te Moruno-Limon : table_num 2
D, [2011-12-17T13:07:38.476075 #9073] DEBUG -- : Order.add_product Te Moruno-Limon
D, [2011-12-17T13:07:38.532619 #9073] DEBUG -- : Parsing mesaCambiada@2
D, [2011-12-17T13:07:50.686531 #9073] DEBUG -- : Parsing mesaCerrada@2
I, [2011-12-17T13:08:09.698940 #9073]  INFO -- : Socket closed
I, [2011-12-17T13:17:59.538240 #9185]  INFO -- : Network started
I, [2011-12-17T13:17:59.539075 #9185]  INFO -- : Program started
D, [2011-12-17T13:18:04.762827 #9185] DEBUG -- : Parsing mesaOcupada@1
D, [2011-12-17T13:18:08.911390 #9185] DEBUG -- : Parsing comanda@1@Te Moruno-Limon
I, [2011-12-17T13:18:08.914603 #9185]  INFO -- : Adding order...Te Moruno-Limon : table_num 1
D, [2011-12-17T13:18:08.961913 #9185] DEBUG -- : Order.add_product Te Moruno-Limon
D, [2011-12-17T13:18:08.992343 #9185] DEBUG -- : Parsing mesaCambiada@1
D, [2011-12-17T13:18:12.267087 #9185] DEBUG -- : Parsing comanda@1@Te Tunecino
I, [2011-12-17T13:18:12.276103 #9185]  INFO -- : Adding order...Te Tunecino : table_num 1
D, [2011-12-17T13:18:12.290661 #9185] DEBUG -- : Order.add_product Te Tunecino
I, [2011-12-17T13:18:33.321671 #9185]  INFO -- : Socket closed
I, [2011-12-17T13:21:33.999820 #9220]  INFO -- : Network started
I, [2011-12-17T13:21:34.000578 #9220]  INFO -- : Program started
D, [2011-12-17T13:21:36.240519 #9220] DEBUG -- : Parsing mesaOcupada@2
D, [2011-12-17T13:21:38.298141 #9220] DEBUG -- : Parsing borrar@2@Te Moruno-Limon
D, [2011-12-17T13:21:38.711498 #9220] DEBUG -- : Parsing borrar@2@Crepe Azucar
D, [2011-12-17T13:21:41.592603 #9220] DEBUG -- : Parsing comanda@2@Te Moruno-Limon
I, [2011-12-17T13:21:41.607085 #9220]  INFO -- : Adding order...Te Moruno-Limon : table_num 2
D, [2011-12-17T13:21:41.617945 #9220] DEBUG -- : Order.add_product Te Moruno-Limon
D, [2011-12-17T13:21:41.627118 #9220] DEBUG -- : Parsing mesaCambiada@2
D, [2011-12-17T13:21:59.865997 #9220] DEBUG -- : Parsing comanda@2@Te Turco
I, [2011-12-17T13:21:59.889077 #9220]  INFO -- : Adding order...Te Turco : table_num 2
D, [2011-12-17T13:21:59.890972 #9220] DEBUG -- : Order.add_product Te Turco
I, [2011-12-17T13:22:14.707359 #9220]  INFO -- : Socket closed
I, [2011-12-17T13:22:37.670679 #9232]  INFO -- : Network started
I, [2011-12-17T13:22:37.672129 #9232]  INFO -- : Program started
D, [2011-12-17T13:22:39.228462 #9232] DEBUG -- : Parsing mesaOcupada@2
D, [2011-12-17T13:22:41.937184 #9232] DEBUG -- : Parsing comanda@2@Te Moruno-Limon
I, [2011-12-17T13:22:41.947166 #9232]  INFO -- : Adding order...Te Moruno-Limon : table_num 2
D, [2011-12-17T13:22:41.965370 #9232] DEBUG -- : Order.add_product Te Moruno-Limon
D, [2011-12-17T13:22:41.976275 #9232] DEBUG -- : Parsing mesaCambiada@2
D, [2011-12-17T13:22:44.363436 #9232] DEBUG -- : Parsing comanda@2@Te Tunecino
I, [2011-12-17T13:22:44.379585 #9232]  INFO -- : Adding order...Te Tunecino : table_num 2
D, [2011-12-17T13:22:44.391648 #9232] DEBUG -- : Order.add_product Te Tunecino
I, [2011-12-17T13:22:58.973855 #9232]  INFO -- : Socket closed
I, [2011-12-17T13:27:51.896114 #9280]  INFO -- : Network started
I, [2011-12-17T13:27:51.901926 #9280]  INFO -- : Program started
D, [2011-12-17T13:27:54.099670 #9280] DEBUG -- : Parsing mesaOcupada@2
D, [2011-12-17T13:27:56.223410 #9280] DEBUG -- : Parsing comanda@2@Te Moruno-Limon
I, [2011-12-17T13:27:56.234717 #9280]  INFO -- : Adding order...Te Moruno-Limon : table_num 2
D, [2011-12-17T13:27:56.246937 #9280] DEBUG -- : Order.add_product Te Moruno-Limon
D, [2011-12-17T13:27:56.413324 #9280] DEBUG -- : Parsing mesaCambiada@2
D, [2011-12-17T13:27:59.039487 #9280] DEBUG -- : Parsing comanda@2@Te Tunecino
I, [2011-12-17T13:27:59.049982 #9280]  INFO -- : Adding order...Te Tunecino : table_num 2
D, [2011-12-17T13:27:59.063863 #9280] DEBUG -- : Order.add_product Te Tunecino
I, [2011-12-17T13:28:14.082519 #9280]  INFO -- : Socket closed
I, [2011-12-17T13:29:09.060223 #9296]  INFO -- : Program started
I, [2011-12-17T13:29:10.642439 #9296]  INFO -- : Network started
D, [2011-12-17T13:29:13.275498 #9296] DEBUG -- : Parsing mesaOcupada@2
D, [2011-12-17T13:29:16.334063 #9296] DEBUG -- : Parsing comanda@2@Te Moruno-Limon
I, [2011-12-17T13:29:16.346282 #9296]  INFO -- : Adding order...Te Moruno-Limon : table_num 2
D, [2011-12-17T13:29:16.357656 #9296] DEBUG -- : Order.add_product Te Moruno-Limon
D, [2011-12-17T13:29:16.526682 #9296] DEBUG -- : Parsing mesaCambiada@2
D, [2011-12-17T13:29:34.755739 #9296] DEBUG -- : Parsing comanda@2@Te Tunecino
I, [2011-12-17T13:29:34.765138 #9296]  INFO -- : Adding order...Te Tunecino : table_num 2
D, [2011-12-17T13:29:34.776147 #9296] DEBUG -- : Order.add_product Te Tunecino
I, [2011-12-17T13:30:58.027712 #9296]  INFO -- : Socket closed
I, [2011-12-17T13:31:31.839194 #9336]  INFO -- : Network started
I, [2011-12-17T13:31:31.839994 #9336]  INFO -- : Program started
D, [2011-12-17T13:31:34.609707 #9336] DEBUG -- : Parsing mesaOcupada@2
D, [2011-12-17T13:31:36.457610 #9336] DEBUG -- : Parsing mesaCerrada@2
D, [2011-12-17T13:31:38.711066 #9336] DEBUG -- : Parsing mesaOcupada@1
D, [2011-12-17T13:31:39.871052 #9336] DEBUG -- : Parsing mesaCerrada@1
D, [2011-12-17T13:31:41.504451 #9336] DEBUG -- : Parsing mesaOcupada@1
D, [2011-12-17T13:31:44.092414 #9336] DEBUG -- : Parsing comanda@1@Te Moruno-Limon
I, [2011-12-17T13:31:44.095893 #9336]  INFO -- : Adding order...Te Moruno-Limon : table_num 1
D, [2011-12-17T13:31:44.130951 #9336] DEBUG -- : Order.add_product Te Moruno-Limon
D, [2011-12-17T13:31:44.136364 #9336] DEBUG -- : Parsing mesaCambiada@1
D, [2011-12-17T13:31:46.462823 #9336] DEBUG -- : Parsing mesaCerrada@1
D, [2011-12-17T13:31:50.219584 #9336] DEBUG -- : Parsing mesaOcupada@2
D, [2011-12-17T13:31:51.458555 #9336] DEBUG -- : Parsing mesaCerrada@2
D, [2011-12-17T13:31:58.433606 #9336] DEBUG -- : Parsing mesaOcupada@2
D, [2011-12-17T13:32:00.452032 #9336] DEBUG -- : Parsing comanda@2@Te Moruno-Limon
I, [2011-12-17T13:32:00.456245 #9336]  INFO -- : Adding order...Te Moruno-Limon : table_num 2
D, [2011-12-17T13:32:00.468524 #9336] DEBUG -- : Order.add_product Te Moruno-Limon
D, [2011-12-17T13:32:00.476120 #9336] DEBUG -- : Parsing mesaCambiada@2
D, [2011-12-17T13:32:03.347672 #9336] DEBUG -- : Parsing mesaCerrada@2
D, [2011-12-17T13:32:14.507746 #9336] DEBUG -- : Parsing mesaOcupada@1
D, [2011-12-17T13:32:20.259289 #9336] DEBUG -- : Parsing comanda@1@Crepe Azucar-Limon
I, [2011-12-17T13:32:20.276013 #9336]  INFO -- : Adding order...Crepe Azucar-Limon : table_num 1
D, [2011-12-17T13:32:20.278910 #9336] DEBUG -- : Order.add_product Crepe Azucar-Limon
I, [2011-12-17T13:32:48.833876 #9336]  INFO -- : Socket closed
I, [2011-12-17T13:33:16.023097 #9349]  INFO -- : Network started
I, [2011-12-17T13:33:16.023915 #9349]  INFO -- : Program started
D, [2011-12-17T13:33:17.723170 #9349] DEBUG -- : Parsing mesaOcupada@2
D, [2011-12-17T13:33:20.303739 #9349] DEBUG -- : Parsing comanda@2@Te Tunecino
I, [2011-12-17T13:33:20.318808 #9349]  INFO -- : Adding order...Te Tunecino : table_num 2
D, [2011-12-17T13:33:20.329534 #9349] DEBUG -- : Order.add_product Te Tunecino
D, [2011-12-17T13:33:20.514746 #9349] DEBUG -- : Parsing mesaCambiada@2
D, [2011-12-17T13:33:21.696471 #9349] DEBUG -- : Parsing mesaCerrada@2
I, [2011-12-17T13:33:24.177125 #9349]  INFO -- : Socket closed
I, [2011-12-17T13:34:32.613196 #9366]  INFO -- : Program started
I, [2011-12-17T13:34:34.204618 #9366]  INFO -- : Network started
D, [2011-12-17T13:34:34.413114 #9366] DEBUG -- : Parsing mesaOcupada@2
D, [2011-12-17T13:34:36.331606 #9366] DEBUG -- : Parsing borrar@2@Te Tunecino
D, [2011-12-17T13:34:36.478121 #9366] DEBUG -- : Parsing borrar@2@Te Tunecino
D, [2011-12-17T13:34:37.411594 #9366] DEBUG -- : Parsing borrar@2@Te Moruno-Limon
D, [2011-12-17T13:34:37.539057 #9366] DEBUG -- : Parsing borrar@2@Te Moruno-Limon
D, [2011-12-17T13:34:39.330501 #9366] DEBUG -- : Parsing mesaCerrada@2
D, [2011-12-17T13:34:40.388431 #9366] DEBUG -- : Parsing mesaOcupada@1
D, [2011-12-17T13:34:41.803799 #9366] DEBUG -- : Parsing borrar@1@Te Moruno-Limon
D, [2011-12-17T13:34:41.924185 #9366] DEBUG -- : Parsing borrar@1@Te Moruno-Limon
D, [2011-12-17T13:34:42.073686 #9366] DEBUG -- : Parsing borrar@1@Te Touareg
D, [2011-12-17T13:34:42.502271 #9366] DEBUG -- : Parsing borrar@1@Crepe Que-Fresco Miel
D, [2011-12-17T13:34:42.636582 #9366] DEBUG -- : Parsing borrar@1@Te Egipcio
D, [2011-12-17T13:34:43.188563 #9366] DEBUG -- : Parsing borrar@1@Crepe Mermelada
D, [2011-12-17T13:34:43.237386 #9366] DEBUG -- : Parsing borrar@1@Te Tunecino
D, [2011-12-17T13:34:43.790192 #9366] DEBUG -- : Parsing borrar@1@Crepe Azucar-Limon
D, [2011-12-17T13:34:44.136036 #9366] DEBUG -- : Parsing borrar@1@Crepe Azucar-Limon
D, [2011-12-17T13:34:44.298696 #9366] DEBUG -- : Parsing borrar@1@Crepe Marrakech
D, [2011-12-17T13:34:45.272467 #9366] DEBUG -- : Parsing borrar@1@Crepe Azucar
D, [2011-12-17T13:34:45.910279 #9366] DEBUG -- : Parsing borrar@1@Crepe Azucar
D, [2011-12-17T13:34:48.410351 #9366] DEBUG -- : Parsing mesaCerrada@1
D, [2011-12-17T13:34:54.754087 #9366] DEBUG -- : Parsing mesaOcupada@1
D, [2011-12-17T13:34:58.255426 #9366] DEBUG -- : Parsing comanda@1@Te Tunecino
I, [2011-12-17T13:34:58.271166 #9366]  INFO -- : Adding order...Te Tunecino : table_num 1
D, [2011-12-17T13:35:19.663480 #9366] DEBUG -- : Order.add_product Te Tunecino
D, [2011-12-17T13:35:24.305493 #9366] DEBUG -- : Parsing mesaCambiada@1
D, [2011-12-17T13:35:35.190944 #9366] DEBUG -- : Parsing comanda@1@Chai Arabe
I, [2011-12-17T13:35:35.203957 #9366]  INFO -- : Adding order...Chai Arabe : table_num 1
D, [2011-12-17T13:41:11.111657 #9366] DEBUG -- : Order.add_product Chai Arabe
I, [2011-12-17T13:41:57.252695 #9366]  INFO -- : Socket closed
I, [2011-12-17T13:42:44.956388 #9026]  INFO -- : Socket closed
I, [2011-12-17T13:46:25.295885 #9543]  INFO -- : Network started
I, [2011-12-17T13:46:25.296540 #9543]  INFO -- : Program started
D, [2011-12-17T13:46:33.564217 #9543] DEBUG -- : Parsing mesaOcupada@2
D, [2011-12-17T13:46:40.363921 #9543] DEBUG -- : Parsing comanda@2@Crepe Azucar
I, [2011-12-17T13:46:40.387138 #9543]  INFO -- : Adding order...Crepe Azucar : table_num 2
D, [2011-12-17T13:46:40.394417 #9543] DEBUG -- : Order.add_product Crepe Azucar
D, [2011-12-17T13:46:40.420012 #9543] DEBUG -- : Parsing mesaCambiada@2
D, [2011-12-17T13:46:42.178847 #9543] DEBUG -- : Parsing comanda@2@Crepe Azucar-Limon
I, [2011-12-17T13:46:42.197061 #9543]  INFO -- : Adding order...Crepe Azucar-Limon : table_num 2
D, [2011-12-17T13:46:42.210641 #9543] DEBUG -- : Order.add_product Crepe Azucar-Limon
I, [2011-12-17T13:46:50.286291 #9543]  INFO -- : Socket closed
I, [2011-12-17T13:49:17.544543 #9565]  INFO -- : Program started
I, [2011-12-17T13:49:19.174662 #9565]  INFO -- : Network started
D, [2011-12-17T13:49:27.073522 #9565] DEBUG -- : Parsing mesaOcupada@2
D, [2011-12-17T13:49:30.133971 #9565] DEBUG -- : Parsing comanda@2@Te Tunecino
I, [2011-12-17T13:49:30.139248 #9565]  INFO -- : Adding order...Te Tunecino : table_num 2
D, [2011-12-17T13:49:30.161501 #9565] DEBUG -- : Order.add_product Te Tunecino
D, [2011-12-17T13:49:48.783956 #9565] DEBUG -- : Parsing mesaCambiada@2
D, [2011-12-17T13:49:58.283411 #9565] DEBUG -- : Parsing comanda@2@Te Egipcio
I, [2011-12-17T13:49:58.305876 #9565]  INFO -- : Adding order...Te Egipcio : table_num 2
D, [2011-12-17T13:49:58.327809 #9565] DEBUG -- : Order.add_product Te Egipcio
I, [2011-12-17T13:53:09.486480 #9639]  INFO -- : Program started
I, [2011-12-17T13:53:10.965595 #9639]  INFO -- : Network started
D, [2011-12-17T13:53:13.604642 #9639] DEBUG -- : Parsing mesaOcupada@1
D, [2011-12-17T13:53:16.734944 #9639] DEBUG -- : Parsing comanda@1@Te Moruno-Limon
I, [2011-12-17T13:53:16.764014 #9639]  INFO -- : Adding order...Te Moruno-Limon : table_num 1
D, [2011-12-17T13:53:16.811284 #9639] DEBUG -- : Order.add_product Te Moruno-Limon
D, [2011-12-17T13:54:22.650608 #9639] DEBUG -- : Parsing mesaCambiada@1
D, [2011-12-17T13:54:27.902796 #9639] DEBUG -- : Parsing comanda@1@Te Pakistani
I, [2011-12-17T13:54:27.934314 #9639]  INFO -- : Adding order...Te Pakistani : table_num 1
D, [2011-12-17T13:54:27.939985 #9639] DEBUG -- : Order.add_product Te Pakistani
I, [2011-12-17T13:56:28.485094 #9639]  INFO -- : Socket closed
I, [2011-12-17T13:58:03.098862 #9736]  INFO -- : Program started
I, [2011-12-17T13:58:04.567994 #9736]  INFO -- : Network started
D, [2011-12-17T13:58:06.451208 #9736] DEBUG -- : Parsing comanda@1@Te Turco
I, [2011-12-17T13:58:06.479584 #9736]  INFO -- : Adding order...Te Turco : table_num 1
D, [2011-12-17T13:58:06.495746 #9736] DEBUG -- : Order.add_product Te Turco
D, [2011-12-17T13:58:16.810065 #9736] DEBUG -- : Parsing mesaCambiada@1
D, [2011-12-17T13:58:22.942530 #9736] DEBUG -- : Parsing comanda@1@Te Ruso
I, [2011-12-17T13:58:22.969676 #9736]  INFO -- : Adding order...Te Ruso : table_num 1
D, [2011-12-17T13:58:22.974240 #9736] DEBUG -- : Order.add_product Te Ruso
I, [2011-12-17T14:02:35.116502 #9736]  INFO -- : Socket closed
I, [2011-12-17T14:03:58.142343 #9807]  INFO -- : Network started
I, [2011-12-17T14:03:58.142968 #9807]  INFO -- : Program started
D, [2011-12-17T14:04:04.715192 #9807] DEBUG -- : Parsing comanda@1@Te Libio
I, [2011-12-17T14:04:04.724325 #9807]  INFO -- : Adding order...Te Libio : table_num 1
D, [2011-12-17T14:04:04.748455 #9807] DEBUG -- : Order.add_product Te Libio
D, [2011-12-17T14:04:04.772361 #9807] DEBUG -- : Parsing mesaCambiada@1
D, [2011-12-17T14:04:07.103856 #9807] DEBUG -- : Parsing comanda@1@Te Persa
I, [2011-12-17T14:04:07.116205 #9807]  INFO -- : Adding order...Te Persa : table_num 1
D, [2011-12-17T14:04:07.120573 #9807] DEBUG -- : Order.add_product Te Persa
D, [2011-12-17T14:04:07.202305 #9807] DEBUG -- : Parsing mesaCambiada@1
D, [2011-12-17T14:04:10.413362 #9807] DEBUG -- : Parsing comanda@1@Te Pakistani
I, [2011-12-17T14:04:10.426202 #9807]  INFO -- : Adding order...Te Pakistani : table_num 1
D, [2011-12-17T14:04:10.427948 #9807] DEBUG -- : Order.add_product Te Pakistani
D, [2011-12-17T14:04:10.507674 #9807] DEBUG -- : Parsing mesaCambiada@1
D, [2011-12-17T14:04:14.701403 #9807] DEBUG -- : Parsing mesaCerrada@1
D, [2011-12-17T14:04:15.700027 #9807] DEBUG -- : Parsing mesaOcupada@2
D, [2011-12-17T14:04:19.214164 #9807] DEBUG -- : Parsing comanda@2@Crepe Azucar-Canela
I, [2011-12-17T14:04:19.224473 #9807]  INFO -- : Adding order...Crepe Azucar-Canela : table_num 2
D, [2011-12-17T14:04:19.244192 #9807] DEBUG -- : Order.add_product Crepe Azucar-Canela
D, [2011-12-17T14:04:19.265475 #9807] DEBUG -- : Parsing mesaCambiada@2
D, [2011-12-17T14:04:21.185955 #9807] DEBUG -- : Parsing comanda@2@Crepe Miel
I, [2011-12-17T14:04:21.195270 #9807]  INFO -- : Adding order...Crepe Miel : table_num 2
D, [2011-12-17T14:04:21.207286 #9807] DEBUG -- : Order.add_product Crepe Miel
D, [2011-12-17T14:04:21.428334 #9807] DEBUG -- : Parsing mesaCambiada@2
D, [2011-12-17T14:04:24.385665 #9807] DEBUG -- : Parsing comanda@2@Crepe Miel
I, [2011-12-17T14:04:24.390594 #9807]  INFO -- : Adding order...Crepe Miel : table_num 2
D, [2011-12-17T14:04:24.398943 #9807] DEBUG -- : Order.add_product Crepe Miel
D, [2011-12-17T14:04:24.427610 #9807] DEBUG -- : Parsing mesaCambiada@2
D, [2011-12-17T14:04:25.730916 #9807] DEBUG -- : Parsing comanda@2@Crepe Choco-Nata
I, [2011-12-17T14:04:25.741785 #9807]  INFO -- : Adding order...Crepe Choco-Nata : table_num 2
D, [2011-12-17T14:04:25.756618 #9807] DEBUG -- : Order.add_product Crepe Choco-Nata
D, [2011-12-17T14:04:25.835549 #9807] DEBUG -- : Parsing mesaCambiada@2
D, [2011-12-17T14:04:31.015701 #9807] DEBUG -- : Parsing comanda@2@Crepe Marrakech
I, [2011-12-17T14:04:31.035135 #9807]  INFO -- : Adding order...Crepe Marrakech : table_num 2
D, [2011-12-17T14:04:31.038532 #9807] DEBUG -- : Order.add_product Crepe Marrakech
D, [2011-12-17T14:04:31.104196 #9807] DEBUG -- : Parsing mesaCambiada@2
D, [2011-12-17T14:04:32.951224 #9807] DEBUG -- : Parsing comanda@2@Crepe Malibu
I, [2011-12-17T14:04:32.955473 #9807]  INFO -- : Adding order...Crepe Malibu : table_num 2
D, [2011-12-17T14:04:32.970617 #9807] DEBUG -- : Order.add_product Crepe Malibu
D, [2011-12-17T14:04:33.060075 #9807] DEBUG -- : Parsing mesaCambiada@2
D, [2011-12-17T14:04:36.626630 #9807] DEBUG -- : Parsing mesaCerrada@2
D, [2011-12-17T14:04:37.545337 #9807] DEBUG -- : Parsing mesaOcupada@1
D, [2011-12-17T14:04:40.578662 #9807] DEBUG -- : Parsing comanda@1@Crepe Azucar-Limon
I, [2011-12-17T14:04:40.598854 #9807]  INFO -- : Adding order...Crepe Azucar-Limon : table_num 1
D, [2011-12-17T14:04:40.600613 #9807] DEBUG -- : Order.add_product Crepe Azucar-Limon
D, [2011-12-17T14:04:40.671115 #9807] DEBUG -- : Parsing mesaCambiada@1
D, [2011-12-17T14:04:42.871910 #9807] DEBUG -- : Parsing comanda@1@Crepe Chocolate
I, [2011-12-17T14:04:42.879703 #9807]  INFO -- : Adding order...Crepe Chocolate : table_num 1
D, [2011-12-17T14:04:42.893770 #9807] DEBUG -- : Order.add_product Crepe Chocolate
D, [2011-12-17T14:04:42.962414 #9807] DEBUG -- : Parsing mesaCambiada@1
D, [2011-12-17T14:04:44.418499 #9807] DEBUG -- : Parsing comanda@1@Crepe Marrakech
I, [2011-12-17T14:04:44.428546 #9807]  INFO -- : Adding order...Crepe Marrakech : table_num 1
D, [2011-12-17T14:04:44.452612 #9807] DEBUG -- : Order.add_product Crepe Marrakech
D, [2011-12-17T14:04:44.541464 #9807] DEBUG -- : Parsing mesaCambiada@1
D, [2011-12-17T14:04:46.512202 #9807] DEBUG -- : Parsing comanda@1@Crepe Estambul
I, [2011-12-17T14:04:46.538262 #9807]  INFO -- : Adding order...Crepe Estambul : table_num 1
D, [2011-12-17T14:04:46.539979 #9807] DEBUG -- : Order.add_product Crepe Estambul
D, [2011-12-17T14:04:46.646400 #9807] DEBUG -- : Parsing mesaCambiada@1
D, [2011-12-17T14:04:51.070294 #9807] DEBUG -- : Parsing comanda@1@Crepe Choco-Nata
I, [2011-12-17T14:04:51.096059 #9807]  INFO -- : Adding order...Crepe Choco-Nata : table_num 1
D, [2011-12-17T14:04:51.100314 #9807] DEBUG -- : Order.add_product Crepe Choco-Nata
D, [2011-12-17T14:04:51.179356 #9807] DEBUG -- : Parsing mesaCambiada@1
D, [2011-12-17T14:04:53.937075 #9807] DEBUG -- : Parsing comanda@1@Crepe Chocolate
I, [2011-12-17T14:04:53.956317 #9807]  INFO -- : Adding order...Crepe Chocolate : table_num 1
D, [2011-12-17T14:04:53.967445 #9807] DEBUG -- : Order.add_product Crepe Chocolate
D, [2011-12-17T14:04:54.150908 #9807] DEBUG -- : Parsing mesaCambiada@1
D, [2011-12-17T14:04:59.029139 #9807] DEBUG -- : Parsing comanda@1@Crepe Que-Fresco Miel
I, [2011-12-17T14:04:59.048313 #9807]  INFO -- : Adding order...Crepe Que-Fresco Miel : table_num 1
D, [2011-12-17T14:04:59.056232 #9807] DEBUG -- : Order.add_product Crepe Que-Fresco Miel
D, [2011-12-17T14:04:59.172374 #9807] DEBUG -- : Parsing mesaCambiada@1
D, [2011-12-17T14:05:03.692623 #9807] DEBUG -- : Parsing mesaCerrada@1
I, [2011-12-17T14:05:10.033757 #9807]  INFO -- : Socket closed
